<?xml version="1.0" encoding="UTF-8"?>
<!-- Generated by org.testng.reporters.JUnitReportReporter -->
<testsuite hostname="PUN-LAP-KOTHA" failures="0" tests="2" name="cucumberOptions.TestNg_testRunner" time="240.480" errors="0" timestamp="2023-05-22T19:46:50 IST" skipped="0">
  <testcase classname="cucumberOptions.TestNg_testRunner" name="runScenario" time="120.254"/>
  <system-out/>
  <testcase classname="cucumberOptions.TestNg_testRunner" name="runScenario" time="120.226"/>
  <system-out/>
</testsuite> <!-- cucumberOptions.TestNg_testRunner -->
